Android-App-AntiTheft-main/app/build/intermediates/manifest_merge_blame_file/debug/processDebugMainManifest/manifest-merger-blame-debug-report.txt
1<?xml version="1.0" encoding="utf-8"?>
2<manifest xmlns:android="http://schemas.android.com/apk/res/android"
3    package="com.xncoder.advanceprotection"
4    android:versionCode="1"
5    android:versionName="1.0" >
6
7    <uses-sdk
8        android:minSdkVersion="26"
9        android:targetSdkVersion="34" />
10
11    <uses-feature
11-->src\main\AndroidManifest.xml:5:5-7:36
12        android:name="android.hardware.telephony"
12-->src\main\AndroidManifest.xml:6:9-50
13        android:required="false" />
13-->src\main\AndroidManifest.xml:7:9-33
14    <uses-feature
14-->src\main\AndroidManifest.xml:8:5-10:36
15        android:name="android.hardware.camera"
15-->src\main\AndroidManifest.xml:9:9-47
16        android:required="false" />
16-->src\main\AndroidManifest.xml:10:9-33
17
18    <uses-permission android:name="android.permission.INTERNET" />
18-->src\main\AndroidManifest.xml:12:5-67
18-->src\main\AndroidManifest.xml:12:22-64
19    <uses-permission android:name="android.permission.POST_NOTIFICATIONS" />
19-->src\main\AndroidManifest.xml:13:5-77
19-->src\main\AndroidManifest.xml:13:22-74
20    <uses-permission android:name="android.permission.RECEIVE_SMS" />
20-->src\main\AndroidManifest.xml:14:5-70
20-->src\main\AndroidManifest.xml:14:22-67
21    <uses-permission android:name="android.permission.READ_SMS" />
21-->src\main\AndroidManifest.xml:15:5-67
21-->src\main\AndroidManifest.xml:15:22-64
22    <uses-permission android:name="android.permission.SYSTEM_ALERT_WINDOW" />
22-->src\main\AndroidManifest.xml:16:5-78
22-->src\main\AndroidManifest.xml:16:22-75
23    <uses-permission android:name="android.permission.ACCESS_NOTIFICATION_POLICY" />
23-->src\main\AndroidManifest.xml:17:5-85
23-->src\main\AndroidManifest.xml:17:22-82
24    <uses-permission android:name="android.permission.WRITE_SETTINGS" />
24-->src\main\AndroidManifest.xml:18:5-73
24-->src\main\AndroidManifest.xml:18:22-70
25    <uses-permission android:name="android.permission.FOREGROUND_SERVICE" />
25-->src\main\AndroidManifest.xml:19:5-77
25-->src\main\AndroidManifest.xml:19:22-74
26    <uses-permission android:name="android.permission.FOREGROUND_SERVICE_LOCATION" />
26-->src\main\AndroidManifest.xml:20:5-86
26-->src\main\AndroidManifest.xml:20:22-83
27    <uses-permission android:name="android.permission.SEND_SMS" />
27-->src\main\AndroidManifest.xml:21:5-67
27-->src\main\AndroidManifest.xml:21:22-64
28    <uses-permission android:name="android.permission.READ_PHONE_STATE" />
28-->src\main\AndroidManifest.xml:22:5-75
28-->src\main\AndroidManifest.xml:22:22-72
29    <uses-permission android:name="android.permission.ACCESS_FINE_LOCATION" />
29-->src\main\AndroidManifest.xml:23:5-79
29-->src\main\AndroidManifest.xml:23:22-76
30    <uses-permission android:name="android.permission.ACCESS_BACKGROUND_LOCATION" />
30-->src\main\AndroidManifest.xml:24:5-85
30-->src\main\AndroidManifest.xml:24:22-82
31    <uses-permission android:name="android.permission.ACCESS_COARSE_LOCATION" />
31-->src\main\AndroidManifest.xml:25:5-81
31-->src\main\AndroidManifest.xml:25:22-78
32    <uses-permission android:name="android.permission.MODIFY_AUDIO_SETTINGS" />
32-->src\main\AndroidManifest.xml:26:5-80
32-->src\main\AndroidManifest.xml:26:22-77
33    <uses-permission android:name="android.permission.CAMERA" />
33-->src\main\AndroidManifest.xml:27:5-65
33-->src\main\AndroidManifest.xml:27:22-62
34    <uses-permission android:name="android.permission.ACCESS_NETWORK_STATE" />
34-->[com.google.firebase:firebase-auth:22.3.1] AndroidManifest.xml:26:5-79
34-->[com.google.firebase:firebase-auth:22.3.1] AndroidManifest.xml:26:22-76
35    <uses-permission android:name="com.google.android.providers.gsf.permission.READ_GSERVICES" />
35-->[com.google.android.recaptcha:recaptcha:18.4.0] AndroidManifest.xml:9:5-98
35-->[com.google.android.recaptcha:recaptcha:18.4.0] AndroidManifest.xml:9:22-95
36
37    <permission
37-->[androidx.core:core:1.9.0] AndroidManifest.xml:22:5-24:47
38        android:name="com.xncoder.advanceprotection.DYNAMIC_RECEIVER_NOT_EXPORTED_PERMISSION"
38-->[androidx.core:core:1.9.0] AndroidManifest.xml:23:9-81
39        android:protectionLevel="signature" />
39-->[androidx.core:core:1.9.0] AndroidManifest.xml:24:9-44
40
41    <uses-permission android:name="com.xncoder.advanceprotection.DYNAMIC_RECEIVER_NOT_EXPORTED_PERMISSION" />
41-->[androidx.core:core:1.9.0] AndroidManifest.xml:26:5-97
41-->[androidx.core:core:1.9.0] AndroidManifest.xml:26:22-94
42
43    <application
43-->src\main\AndroidManifest.xml:29:5-93:19
44        android:allowBackup="true"
44-->src\main\AndroidManifest.xml:30:9-35
45        android:appComponentFactory="androidx.core.app.CoreComponentFactory"
45-->[androidx.core:core:1.9.0] AndroidManifest.xml:28:18-86
46        android:dataExtractionRules="@xml/data_extraction_rules"
46-->src\main\AndroidManifest.xml:31:9-65
47        android:debuggable="true"
48        android:extractNativeLibs="false"
49        android:fullBackupContent="@xml/backup_rules"
49-->src\main\AndroidManifest.xml:32:9-54
50        android:icon="@mipmap/ic_launcher"
50-->src\main\AndroidManifest.xml:33:9-43
51        android:label="@string/app_name"
51-->src\main\AndroidManifest.xml:34:9-41
52        android:roundIcon="@mipmap/ic_launcher_round"
52-->src\main\AndroidManifest.xml:35:9-54
53        android:supportsRtl="true"
53-->src\main\AndroidManifest.xml:36:9-35
54        android:testOnly="true"
55        android:theme="@style/AppTheme" >
55-->src\main\AndroidManifest.xml:37:9-40
56        <receiver
56-->src\main\AndroidManifest.xml:40:9-47:20
57            android:name="com.xncoder.advanceprotection.SmsSendReceiver"
57-->src\main\AndroidManifest.xml:41:13-44
58            android:enabled="true"
58-->src\main\AndroidManifest.xml:42:13-35
59            android:exported="false" >
59-->src\main\AndroidManifest.xml:43:13-37
60            <intent-filter>
60-->src\main\AndroidManifest.xml:44:13-46:29
61                <action android:name="SMS_SENT" />
61-->src\main\AndroidManifest.xml:45:17-51
61-->src\main\AndroidManifest.xml:45:25-48
62            </intent-filter>
63        </receiver>
64
65        <activity
65-->src\main\AndroidManifest.xml:49:9-51:40
66            android:name="com.xncoder.advanceprotection.SecureCode"
66-->src\main\AndroidManifest.xml:50:13-39
67            android:exported="false" />
67-->src\main\AndroidManifest.xml:51:13-37
68
69        <service
69-->src\main\AndroidManifest.xml:53:9-57:41
70            android:name="com.xncoder.advanceprotection.SmsService"
70-->src\main\AndroidManifest.xml:54:13-39
71            android:enabled="true"
71-->src\main\AndroidManifest.xml:55:13-35
72            android:exported="true"
72-->src\main\AndroidManifest.xml:56:13-36
73            android:permission="TODO" />
73-->src\main\AndroidManifest.xml:57:13-38
74
75        <receiver
75-->src\main\AndroidManifest.xml:59:9-66:20
76            android:name="com.xncoder.advanceprotection.SmsReceiver"
76-->src\main\AndroidManifest.xml:60:13-40
77            android:enabled="true"
77-->src\main\AndroidManifest.xml:61:13-35
78            android:exported="true" >
78-->src\main\AndroidManifest.xml:62:13-36
79            <intent-filter>
79-->src\main\AndroidManifest.xml:63:13-65:29
80                <action android:name="restartservice" />
80-->src\main\AndroidManifest.xml:64:17-57
80-->src\main\AndroidManifest.xml:64:25-54
81            </intent-filter>
82        </receiver>
83
84        <activity
84-->src\main\AndroidManifest.xml:68:9-70:40
85            android:name="com.xncoder.advanceprotection.Verify"
85-->src\main\AndroidManifest.xml:69:13-35
86            android:exported="false" />
86-->src\main\AndroidManifest.xml:70:13-37
87        <activity
87-->src\main\AndroidManifest.xml:71:9-74:72
88            android:name="com.xncoder.advanceprotection.Home"
88-->src\main\AndroidManifest.xml:72:13-33
89            android:exported="false"
89-->src\main\AndroidManifest.xml:73:13-37
90            android:theme="@style/Theme.AppCompat.Light.NoActionBar" />
90-->src\main\AndroidManifest.xml:74:13-69
91        <activity
91-->src\main\AndroidManifest.xml:75:9-77:40
92            android:name="com.xncoder.advanceprotection.Forget_Password"
92-->src\main\AndroidManifest.xml:76:13-44
93            android:exported="false" />
93-->src\main\AndroidManifest.xml:77:13-37
94        <activity
94-->src\main\AndroidManifest.xml:78:9-80:40
95            android:name="com.xncoder.advanceprotection.Register"
95-->src\main\AndroidManifest.xml:79:13-37
96            android:exported="false" />
96-->src\main\AndroidManifest.xml:80:13-37
97        <activity
97-->src\main\AndroidManifest.xml:81:9-83:39
98            android:name="com.xncoder.advanceprotection.Login"
98-->src\main\AndroidManifest.xml:82:13-34
99            android:exported="true" />
99-->src\main\AndroidManifest.xml:83:13-36
100        <activity
100-->src\main\AndroidManifest.xml:84:9-92:20
101            android:name="com.xncoder.advanceprotection.Welcome"
101-->src\main\AndroidManifest.xml:85:13-36
102            android:exported="true" >
102-->src\main\AndroidManifest.xml:86:13-36
103            <intent-filter>
103-->src\main\AndroidManifest.xml:87:13-91:29
104                <action android:name="android.intent.action.MAIN" />
104-->src\main\AndroidManifest.xml:88:17-69
104-->src\main\AndroidManifest.xml:88:25-66
105
106                <category android:name="android.intent.category.LAUNCHER" />
106-->src\main\AndroidManifest.xml:90:17-77
106-->src\main\AndroidManifest.xml:90:27-74
107            </intent-filter>
108        </activity>
109        <activity
109-->[com.google.firebase:firebase-auth:22.3.1] AndroidManifest.xml:29:9-46:20
110            android:name="com.google.firebase.auth.internal.GenericIdpActivity"
110-->[com.google.firebase:firebase-auth:22.3.1] AndroidManifest.xml:30:13-80
111            android:excludeFromRecents="true"
111-->[com.google.firebase:firebase-auth:22.3.1] AndroidManifest.xml:31:13-46
112            android:exported="true"
112-->[com.google.firebase:firebase-auth:22.3.1] AndroidManifest.xml:32:13-36
113            android:launchMode="singleTask"
113-->[com.google.firebase:firebase-auth:22.3.1] AndroidManifest.xml:33:13-44
114            android:theme="@android:style/Theme.Translucent.NoTitleBar" >
114-->[com.google.firebase:firebase-auth:22.3.1] AndroidManifest.xml:34:13-72
115            <intent-filter>
115-->[com.google.firebase:firebase-auth:22.3.1] AndroidManifest.xml:35:13-45:29
116                <action android:name="android.intent.action.VIEW" />
116-->[com.google.firebase:firebase-auth:22.3.1] AndroidManifest.xml:36:17-69
116-->[com.google.firebase:firebase-auth:22.3.1] AndroidManifest.xml:36:25-66
117
118                <category android:name="android.intent.category.DEFAULT" />
118-->[com.google.firebase:firebase-auth:22.3.1] AndroidManifest.xml:38:17-76
118-->[com.google.firebase:firebase-auth:22.3.1] AndroidManifest.xml:38:27-73
119                <category android:name="android.intent.category.BROWSABLE" />
119-->[com.google.firebase:firebase-auth:22.3.1] AndroidManifest.xml:39:17-78
119-->[com.google.firebase:firebase-auth:22.3.1] AndroidManifest.xml:39:27-75
120
121                <data
121-->[com.google.firebase:firebase-auth:22.3.1] AndroidManifest.xml:41:17-44:51
122                    android:host="firebase.auth"
122-->[com.google.firebase:firebase-auth:22.3.1] AndroidManifest.xml:42:21-49
123                    android:path="/"
123-->[com.google.firebase:firebase-auth:22.3.1] AndroidManifest.xml:43:21-37
124                    android:scheme="genericidp" />
124-->[com.google.firebase:firebase-auth:22.3.1] AndroidManifest.xml:44:21-48
125            </intent-filter>
126        </activity>
127        <activity
127-->[com.google.firebase:firebase-auth:22.3.1] AndroidManifest.xml:47:9-64:20
128            android:name="com.google.firebase.auth.internal.RecaptchaActivity"
128-->[com.google.firebase:firebase-auth:22.3.1] AndroidManifest.xml:48:13-79
129            android:excludeFromRecents="true"
129-->[com.google.firebase:firebase-auth:22.3.1] AndroidManifest.xml:49:13-46
130            android:exported="true"
130-->[com.google.firebase:firebase-auth:22.3.1] AndroidManifest.xml:50:13-36
131            android:launchMode="singleTask"
131-->[com.google.firebase:firebase-auth:22.3.1] AndroidManifest.xml:51:13-44
132            android:theme="@android:style/Theme.Translucent.NoTitleBar" >
132-->[com.google.firebase:firebase-auth:22.3.1] AndroidManifest.xml:52:13-72
133            <intent-filter>
133-->[com.google.firebase:firebase-auth:22.3.1] AndroidManifest.xml:53:13-63:29
134                <action android:name="android.intent.action.VIEW" />
134-->[com.google.firebase:firebase-auth:22.3.1] AndroidManifest.xml:36:17-69
134-->[com.google.firebase:firebase-auth:22.3.1] AndroidManifest.xml:36:25-66
135
136                <category android:name="android.intent.category.DEFAULT" />
136-->[com.google.firebase:firebase-auth:22.3.1] AndroidManifest.xml:38:17-76
136-->[com.google.firebase:firebase-auth:22.3.1] AndroidManifest.xml:38:27-73
137                <category android:name="android.intent.category.BROWSABLE" />
137-->[com.google.firebase:firebase-auth:22.3.1] AndroidManifest.xml:39:17-78
137-->[com.google.firebase:firebase-auth:22.3.1] AndroidManifest.xml:39:27-75
138
139                <data
139-->[com.google.firebase:firebase-auth:22.3.1] AndroidManifest.xml:41:17-44:51
140                    android:host="firebase.auth"
140-->[com.google.firebase:firebase-auth:22.3.1] AndroidManifest.xml:42:21-49
141                    android:path="/"
141-->[com.google.firebase:firebase-auth:22.3.1] AndroidManifest.xml:43:21-37
142                    android:scheme="recaptcha" />
142-->[com.google.firebase:firebase-auth:22.3.1] AndroidManifest.xml:44:21-48
143            </intent-filter>
144        </activity>
145
146        <service
146-->[com.google.firebase:firebase-auth:22.3.1] AndroidManifest.xml:66:9-72:19
147            android:name="com.google.firebase.components.ComponentDiscoveryService"
147-->[com.google.firebase:firebase-auth:22.3.1] AndroidManifest.xml:67:13-84
148            android:directBootAware="true"
148-->[com.google.firebase:firebase-common:20.4.2] AndroidManifest.xml:32:13-43
149            android:exported="false" >
149-->[com.google.firebase:firebase-auth:22.3.1] AndroidManifest.xml:68:13-37
150            <meta-data
150-->[com.google.firebase:firebase-auth:22.3.1] AndroidManifest.xml:69:13-71:85
151                android:name="com.google.firebase.components:com.google.firebase.auth.FirebaseAuthRegistrar"
151-->[com.google.firebase:firebase-auth:22.3.1] AndroidManifest.xml:70:17-109
152                android:value="com.google.firebase.components.ComponentRegistrar" />
152-->[com.google.firebase:firebase-auth:22.3.1] AndroidManifest.xml:71:17-82
153            <meta-data
153-->[com.google.firebase:firebase-common-ktx:20.4.2] AndroidManifest.xml:12:13-14:85
154                android:name="com.google.firebase.components:com.google.firebase.ktx.FirebaseCommonLegacyRegistrar"
154-->[com.google.firebase:firebase-common-ktx:20.4.2] AndroidManifest.xml:13:17-116
155                android:value="com.google.firebase.components.ComponentRegistrar" />
155-->[com.google.firebase:firebase-common-ktx:20.4.2] AndroidManifest.xml:14:17-82
156            <meta-data
156-->[com.google.firebase:firebase-common:20.4.2] AndroidManifest.xml:35:13-37:85
157                android:name="com.google.firebase.components:com.google.firebase.FirebaseCommonKtxRegistrar"
157-->[com.google.firebase:firebase-common:20.4.2] AndroidManifest.xml:36:17-109
158                android:value="com.google.firebase.components.ComponentRegistrar" />
158-->[com.google.firebase:firebase-common:20.4.2] AndroidManifest.xml:37:17-82
159        </service>
160
161        <provider
161-->[com.google.firebase:firebase-common:20.4.2] AndroidManifest.xml:23:9-28:39
162            android:name="com.google.firebase.provider.FirebaseInitProvider"
162-->[com.google.firebase:firebase-common:20.4.2] AndroidManifest.xml:24:13-77
163            android:authorities="com.xncoder.advanceprotection.firebaseinitprovider"
163-->[com.google.firebase:firebase-common:20.4.2] AndroidManifest.xml:25:13-72
164            android:directBootAware="true"
164-->[com.google.firebase:firebase-common:20.4.2] AndroidManifest.xml:26:13-43
165            android:exported="false"
165-->[com.google.firebase:firebase-common:20.4.2] AndroidManifest.xml:27:13-37
166            android:initOrder="100" />
166-->[com.google.firebase:firebase-common:20.4.2] AndroidManifest.xml:28:13-36
167        <provider
167-->[androidx.emoji2:emoji2:1.2.0] AndroidManifest.xml:24:9-32:20
168            android:name="androidx.startup.InitializationProvider"
168-->[androidx.emoji2:emoji2:1.2.0] AndroidManifest.xml:25:13-67
169            android:authorities="com.xncoder.advanceprotection.androidx-startup"
169-->[androidx.emoji2:emoji2:1.2.0] AndroidManifest.xml:26:13-68
170            android:exported="false" >
170-->[androidx.emoji2:emoji2:1.2.0] AndroidManifest.xml:27:13-37
171            <meta-data
171-->[androidx.emoji2:emoji2:1.2.0] AndroidManifest.xml:29:13-31:52
172                android:name="androidx.emoji2.text.EmojiCompatInitializer"
172-->[androidx.emoji2:emoji2:1.2.0] AndroidManifest.xml:30:17-75
173                android:value="androidx.startup" />
173-->[androidx.emoji2:emoji2:1.2.0] AndroidManifest.xml:31:17-49
174            <meta-data
174-->[androidx.lifecycle:lifecycle-process:2.6.1] AndroidManifest.xml:29:13-31:52
175                android:name="androidx.lifecycle.ProcessLifecycleInitializer"
175-->[androidx.lifecycle:lifecycle-process:2.6.1] AndroidManifest.xml:30:17-78
176                android:value="androidx.startup" />
176-->[androidx.lifecycle:lifecycle-process:2.6.1] AndroidManifest.xml:31:17-49
177            <meta-data
177-->[androidx.profileinstaller:profileinstaller:1.3.0] AndroidManifest.xml:29:13-31:52
178                android:name="androidx.profileinstaller.ProfileInstallerInitializer"
178-->[androidx.profileinstaller:profileinstaller:1.3.0] AndroidManifest.xml:30:17-85
179                android:value="androidx.startup" />
179-->[androidx.profileinstaller:profileinstaller:1.3.0] AndroidManifest.xml:31:17-49
180        </provider>
181
182        <activity
182-->[com.google.android.gms:play-services-base:18.0.1] AndroidManifest.xml:20:9-22:45
183            android:name="com.google.android.gms.common.api.GoogleApiActivity"
183-->[com.google.android.gms:play-services-base:18.0.1] AndroidManifest.xml:20:19-85
184            android:exported="false"
184-->[com.google.android.gms:play-services-base:18.0.1] AndroidManifest.xml:22:19-43
185            android:theme="@android:style/Theme.Translucent.NoTitleBar" />
185-->[com.google.android.gms:play-services-base:18.0.1] AndroidManifest.xml:21:19-78
186
187        <meta-data
187-->[com.google.android.gms:play-services-basement:18.1.0] AndroidManifest.xml:21:9-23:69
188            android:name="com.google.android.gms.version"
188-->[com.google.android.gms:play-services-basement:18.1.0] AndroidManifest.xml:22:13-58
189            android:value="@integer/google_play_services_version" />
189-->[com.google.android.gms:play-services-basement:18.1.0] AndroidManifest.xml:23:13-66
190
191        <receiver
191-->[androidx.profileinstaller:profileinstaller:1.3.0] AndroidManifest.xml:34:9-52:20
192            android:name="androidx.profileinstaller.ProfileInstallReceiver"
192-->[androidx.profileinstaller:profileinstaller:1.3.0] AndroidManifest.xml:35:13-76
193            android:directBootAware="false"
193-->[androidx.profileinstaller:profileinstaller:1.3.0] AndroidManifest.xml:36:13-44
194            android:enabled="true"
194-->[androidx.profileinstaller:profileinstaller:1.3.0] AndroidManifest.xml:37:13-35
195            android:exported="true"
195-->[androidx.profileinstaller:profileinstaller:1.3.0] AndroidManifest.xml:38:13-36
196            android:permission="android.permission.DUMP" >
196-->[androidx.profileinstaller:profileinstaller:1.3.0] AndroidManifest.xml:39:13-57
197            <intent-filter>
197-->[androidx.profileinstaller:profileinstaller:1.3.0] AndroidManifest.xml:40:13-42:29
198                <action android:name="androidx.profileinstaller.action.INSTALL_PROFILE" />
198-->[androidx.profileinstaller:profileinstaller:1.3.0] AndroidManifest.xml:41:17-91
198-->[androidx.profileinstaller:profileinstaller:1.3.0] AndroidManifest.xml:41:25-88
199            </intent-filter>
200            <intent-filter>
200-->[androidx.profileinstaller:profileinstaller:1.3.0] AndroidManifest.xml:43:13-45:29
201                <action android:name="androidx.profileinstaller.action.SKIP_FILE" />
201-->[androidx.profileinstaller:profileinstaller:1.3.0] AndroidManifest.xml:44:17-85
201-->[androidx.profileinstaller:profileinstaller:1.3.0] AndroidManifest.xml:44:25-82
202            </intent-filter>
203            <intent-filter>
203-->[androidx.profileinstaller:profileinstaller:1.3.0] AndroidManifest.xml:46:13-48:29
204                <action android:name="androidx.profileinstaller.action.SAVE_PROFILE" />
204-->[androidx.profileinstaller:profileinstaller:1.3.0] AndroidManifest.xml:47:17-88
204-->[androidx.profileinstaller:profileinstaller:1.3.0] AndroidManifest.xml:47:25-85
205            </intent-filter>
206            <intent-filter>
206-->[androidx.profileinstaller:profileinstaller:1.3.0] AndroidManifest.xml:49:13-51:29
207                <action android:name="androidx.profileinstaller.action.BENCHMARK_OPERATION" />
207-->[androidx.profileinstaller:profileinstaller:1.3.0] AndroidManifest.xml:50:17-95
207-->[androidx.profileinstaller:profileinstaller:1.3.0] AndroidManifest.xml:50:25-92
208            </intent-filter>
209        </receiver>
210    </application>
211
212</manifest>